<?xml version="1.0" encoding="UTF-8"?>
<!-- Generated by org.testng.reporters.JUnitReportReporter -->
<testsuite hostname="CHANDAN" failures="0" tests="9" name="Testng.invocationcount" time="0.036" errors="0" timestamp="2023-02-24T01:32:14 IST" skipped="0">
  <testcase classname="Testng.invocationcount" name="f" time="0.002"/>
  <system-out/>
  <testcase classname="Testng.invocationcount" name="f" time="0.002"/>
  <system-out/>
  <testcase classname="Testng.invocationcount" name="f" time="0.011"/>
  <system-out/>
  <testcase classname="Testng.invocationcount" name="f" time="0.002"/>
  <system-out/>
  <testcase classname="Testng.invocationcount" name="f" time="0.001"/>
  <system-out/>
  <testcase classname="Testng.invocationcount" name="f" time="0.001"/>
  <system-out/>
  <testcase classname="Testng.invocationcount" name="f" time="0.002"/>
  <system-out/>
  <testcase classname="Testng.invocationcount" name="f" time="0.014"/>
  <system-out/>
  <testcase classname="Testng.invocationcount" name="f" time="0.001"/>
  <system-out/>
</testsuite> <!-- Testng.invocationcount -->
