<?xml version="1.0" encoding="UTF-8"?>
<!-- Generated by org.testng.reporters.JUnitReportReporter -->
<testsuite hostname="CHANDAN" failures="0" tests="3" name="Testng.Test2" time="11.684" errors="0" timestamp="2023-02-23T17:46:06 IST" skipped="0">
  <testcase classname="Testng.Test2" name="open" time="8.860"/>
  <system-out/>
  <testcase classname="Testng.Test2" name="Login" time="2.638"/>
  <system-out/>
  <testcase classname="Testng.Test2" name="close" time="0.186"/>
  <system-out/>
</testsuite> <!-- Testng.Test2 -->
