<?xml version="1.0" encoding="UTF-8"?>
<!-- Generated by org.testng.reporters.JUnitReportReporter -->
<testsuite hostname="CHANDAN" failures="0" tests="2" name="Testng.Beforeandaftertest" time="0.023" errors="0" timestamp="2023-02-22T20:54:53 IST" skipped="0">
  <testcase classname="Testng.Beforeandaftertest" name="Search" time="0.019"/>
  <system-out/>
  <testcase classname="Testng.Beforeandaftertest" name="AdvancedSearch" time="0.004"/>
  <system-out/>
</testsuite> <!-- Testng.Beforeandaftertest -->
