<?xml version="1.0" encoding="UTF-8"?>
<!-- Generated by org.testng.reporters.JUnitReportReporter -->
<testsuite hostname="CHANDAN" failures="0" tests="3" name="practice.Testinsta" time="4.386" errors="0" timestamp="2023-02-27T12:44:55 IST" skipped="0">
  <testcase classname="practice.Testinsta" name="login" time="1.071"/>
  <system-out/>
  <testcase classname="practice.Testinsta" name="login" time="0.757"/>
  <system-out/>
  <testcase classname="practice.Testinsta" name="login" time="2.558"/>
  <system-out/>
</testsuite> <!-- practice.Testinsta -->
