<?xml version="1.0" encoding="UTF-8"?>
<!-- Generated by org.testng.reporters.JUnitReportReporter -->
<testsuite hostname="CHANDAN" failures="0" tests="2" name="POM.Testfile" time="2.059" errors="0" timestamp="2023-02-26T02:37:05 IST" skipped="0">
  <testcase classname="POM.Testfile" name="testLogo" time="0.233"/>
  <system-out/>
  <testcase classname="POM.Testfile" name="testlogin" time="1.826"/>
  <system-out/>
</testsuite> <!-- POM.Testfile -->
