<?xml version="1.0" encoding="UTF-8"?>
<!-- Generated by org.testng.reporters.JUnitReportReporter -->
<testsuite hostname="CHANDAN" failures="0" tests="2" name="POM.LoginTest" time="1.794" errors="0" timestamp="2023-02-26T01:00:29 IST" skipped="0">
  <testcase classname="POM.LoginTest" name="testLogo" time="0.129"/>
  <system-out/>
  <testcase classname="POM.LoginTest" name="testLogin" time="1.665"/>
  <system-out/>
</testsuite> <!-- POM.LoginTest -->
