<?xml version="1.0" encoding="UTF-8"?>
<!-- Generated by org.testng.reporters.JUnitReportReporter -->
<testsuite hostname="CHANDAN" failures="0" tests="6" name="Testng.Grouping" time="0.025" errors="0" timestamp="2023-02-23T20:53:29 IST" skipped="0">
  <testcase classname="Testng.Grouping" name="loginbyemail" time="0.015"/>
  <system-out/>
  <testcase classname="Testng.Grouping" name="loginbyfacebook" time="0.002"/>
  <system-out/>
  <testcase classname="Testng.Grouping" name="loginbytwitter" time="0.002"/>
  <system-out/>
  <testcase classname="Testng.Grouping" name="signupbyemail" time="0.002"/>
  <system-out/>
  <testcase classname="Testng.Grouping" name="paymentinrupees" time="0.002"/>
  <system-out/>
  <testcase classname="Testng.Grouping" name="paymentindollar" time="0.002"/>
  <system-out/>
</testsuite> <!-- Testng.Grouping -->
