<?xml version="1.0" encoding="UTF-8"?>
<!-- Generated by org.testng.reporters.JUnitReportReporter -->
<testsuite hostname="CHANDAN" failures="0" tests="2" name="Testng.Beforeandafterclass" time="0.010" errors="0" timestamp="2023-02-22T21:53:44 IST" skipped="0">
  <testcase classname="Testng.Beforeandafterclass" name="Search" time="0.008"/>
  <system-out/>
  <testcase classname="Testng.Beforeandafterclass" name="Advancedsearch" time="0.002"/>
  <system-out/>
</testsuite> <!-- Testng.Beforeandafterclass -->
