<?xml version="1.0" encoding="UTF-8"?>
<!-- Generated by org.testng.reporters.JUnitReportReporter -->
<testsuite hostname="CHANDAN" failures="0" tests="3" name="Testng.Firsttest" time="0.000" errors="0" timestamp="2023-02-22T14:14:20 IST" skipped="0">
  <testcase classname="Testng.Firsttest" name="test3" time="0.000"/>
  <system-out/>
  <testcase classname="Testng.Firsttest" name="test2" time="0.000"/>
  <system-out/>
  <testcase classname="Testng.Firsttest" name="test1" time="0.000"/>
  <system-out/>
</testsuite> <!-- Testng.Firsttest -->
